<?xml version="1.0" encoding="UTF-8"?>
<!-- Generated by org.testng.reporters.JUnitReportReporter -->
<testsuite hostname="DESKTOP-F4KI7VV" failures="0" tests="3" name="testNg.Priority" time="0.048" errors="0" timestamp="2023-01-04T16:18:15 IST" skipped="0">
  <testcase classname="testNg.Priority" name="bdemo" time="0.026"/>
  <system-out/>
  <testcase classname="testNg.Priority" name="idemo" time="0.012"/>
  <system-out/>
  <testcase classname="testNg.Priority" name="gdemo" time="0.010"/>
  <system-out/>
</testsuite> <!-- testNg.Priority -->
