<?xml version="1.0" encoding="UTF-8"?>
<!-- Generated by org.testng.reporters.JUnitReportReporter -->
<testsuite hostname="DESKTOP-F4KI7VV" failures="0" tests="5" name="testNg.InvocationCount" time="0.031" errors="0" timestamp="2023-01-04T16:18:15 IST" skipped="0">
  <testcase classname="testNg.InvocationCount" name="demoTest" time="0.005"/>
  <system-out/>
  <testcase classname="testNg.InvocationCount" name="demoTest" time="0.003"/>
  <system-out/>
  <testcase classname="testNg.InvocationCount" name="demoTest" time="0.005"/>
  <system-out/>
  <testcase classname="testNg.InvocationCount" name="demoTest" time="0.006"/>
  <system-out/>
  <testcase classname="testNg.InvocationCount" name="demoTest" time="0.012"/>
  <system-out/>
</testsuite> <!-- testNg.InvocationCount -->
