<?xml version="1.0" encoding="UTF-8"?>
<!-- Generated by org.testng.reporters.JUnitReportReporter -->
<testsuite hostname="DESKTOP-F4KI7VV" failures="0" tests="3" name="testNg.Test1" time="0.043" errors="0" timestamp="2023-01-04T16:18:15 IST" skipped="0">
  <testcase classname="testNg.Test1" name="idemo" time="0.012"/>
  <system-out/>
  <testcase classname="testNg.Test1" name="gdemo" time="0.015"/>
  <system-out/>
  <testcase classname="testNg.Test1" name="bdemo" time="0.016"/>
  <system-out/>
</testsuite> <!-- testNg.Test1 -->
