<?xml version="1.0" encoding="UTF-8"?>
<!-- Generated by org.testng.reporters.JUnitReportReporter -->
<testsuite hostname="DESKTOP-F4KI7VV" failures="0" tests="6" name="testNg.DependsonMethods" time="0.067" errors="0" timestamp="2023-01-04T16:18:15 IST" skipped="0">
  <testcase classname="testNg.DependsonMethods" name="payment" time="0.007"/>
  <system-out/>
  <testcase classname="testNg.DependsonMethods" name="addToCart" time="0.004"/>
  <system-out/>
  <testcase classname="testNg.DependsonMethods" name="logOut" time="0.015"/>
  <system-out/>
  <testcase classname="testNg.DependsonMethods" name="select" time="0.014"/>
  <system-out/>
  <testcase classname="testNg.DependsonMethods" name="search" time="0.006"/>
  <system-out/>
  <testcase classname="testNg.DependsonMethods" name="login" time="0.021"/>
  <system-out/>
</testsuite> <!-- testNg.DependsonMethods -->
