<?xml version="1.0" encoding="UTF-8"?>
<!-- Generated by org.testng.reporters.JUnitReportReporter -->
<testsuite hostname="DESKTOP-F4KI7VV" failures="0" tests="3" name="testNg.DataProvider" time="0.063" errors="0" timestamp="2023-01-04T16:18:15 IST" skipped="0">
  <testcase classname="testNg.DataProvider" name="test" time="0.024"/>
  <system-out/>
  <testcase classname="testNg.DataProvider" name="test" time="0.026"/>
  <system-out/>
  <testcase classname="testNg.DataProvider" name="test" time="0.013"/>
  <system-out/>
</testsuite> <!-- testNg.DataProvider -->
